\BOOKMARK [0][-]{chapter*.1}{ժ \040Ҫ}{}% 1
\BOOKMARK [0][-]{chapter*.2}{Abstract}{}% 2
\BOOKMARK [0][-]{chapter*.3}{Contents}{}% 3
\BOOKMARK [0][-]{chapter.1}{Chapter 1 \040Introduction}{}% 4
\BOOKMARK [1][-]{section.1.1}{1.1 Background of the Study}{chapter.1}% 5
\BOOKMARK [0][-]{chapter.2}{Chapter 2 \040Chapter 2}{}% 6
\BOOKMARK [1][-]{section.2.1}{2.1 Introduction}{chapter.2}% 7
\BOOKMARK [0][-]{chapter.3}{Chapter 3 \040Chapter3}{}% 8
\BOOKMARK [1][-]{section.3.1}{3.1 Introduction}{chapter.3}% 9
\BOOKMARK [0][-]{chapter.4}{Chapter 4 \040Chapter 4}{}% 10
\BOOKMARK [1][-]{section.4.1}{4.1 Introduction}{chapter.4}% 11
\BOOKMARK [0][-]{chapter.5}{Chapter 5 \040Chapter 5}{}% 12
\BOOKMARK [1][-]{section.5.1}{5.1 Introduction}{chapter.5}% 13
\BOOKMARK [0][-]{chapter.6}{Chapter 6 \040Chapter 6}{}% 14
\BOOKMARK [1][-]{section.6.1}{6.1 Conclusion}{chapter.6}% 15
\BOOKMARK [0][-]{appendix.A}{Appendix A \040Appendix 1}{}% 16
\BOOKMARK [0][-]{appendix.B}{Appendix B \040Appendix 2}{}% 17
\BOOKMARK [0][-]{appendix*.5}{Bibliography}{}% 18
\BOOKMARK [0][-]{appendix*.6}{Acknowledgements}{}% 19
\BOOKMARK [0][-]{appendix*.7}{Brief biography and publications}{}% 20
