This is pdfTeX, Version 3.1415926-2.3-1.40.12 (MiKTeX 2.9) (preloaded format=pdflatex 2016.9.26)  21 MAR 2017 16:51
entering extended mode
**thesis_final_color_printing.tex
(D:\DissertationKiddee\thesis_final_color_printing.tex
LaTeX2e <2011/06/27>
Babel <v3.8m> and hyphenation patterns for loaded.
(C:\CTEX\MiKTeX\tex\latex\base\article.cls
Document Class: article 2007/10/19 v1.4h Standard LaTeX document class
(C:\CTEX\MiKTeX\tex\latex\base\size10.clo
File: size10.clo 2007/10/19 v1.4h Standard LaTeX file (size option)
)
\c@part=\count79
\c@section=\count80
\c@subsection=\count81
\c@subsubsection=\count82
\c@paragraph=\count83
\c@subparagraph=\count84
\c@figure=\count85
\c@table=\count86
\abovecaptionskip=\skip41
\belowcaptionskip=\skip42
\bibindent=\dimen102
)
(C:\CTEX\MiKTeX\tex\latex\pdfpages\pdfpages.sty
Package: pdfpages 2011/03/10 v0.4n Insert pages of external PDF documents (AM)

(C:\CTEX\MiKTeX\tex\latex\base\ifthen.sty
Package: ifthen 2001/05/26 v1.1c Standard LaTeX ifthen package (DPC)
)
(C:\CTEX\MiKTeX\tex\latex\tools\calc.sty
Package: calc 2007/08/22 v4.3 Infix arithmetic (KKT,FJ)
\calc@Acount=\count87
\calc@Bcount=\count88
\calc@Adimen=\dimen103
\calc@Bdimen=\dimen104
\calc@Askip=\skip43
\calc@Bskip=\skip44
LaTeX Info: Redefining \setlength on input line 76.
LaTeX Info: Redefining \addtolength on input line 77.
\calc@Ccount=\count89
\calc@Cskip=\skip45
)
(C:\CTEX\MiKTeX\tex\latex\eso-pic\eso-pic.sty
Package: eso-pic 2010/10/06 v2.0c eso-pic (RN)

(C:\CTEX\MiKTeX\tex\generic\oberdiek\atbegshi.sty
Package: atbegshi 2011/01/30 v1.15 At begin shipout hook (HO)

(C:\CTEX\MiKTeX\tex\generic\oberdiek\infwarerr.sty
Package: infwarerr 2010/04/08 v1.3 Providing info/warning/message (HO)
)
(C:\CTEX\MiKTeX\tex\generic\oberdiek\ltxcmds.sty
Package: ltxcmds 2011/04/18 v1.20 LaTeX kernel commands for general use (HO)
)
(C:\CTEX\MiKTeX\tex\generic\oberdiek\ifpdf.sty
Package: ifpdf 2011/01/30 v2.3 Provides the ifpdf switch (HO)
Package ifpdf Info: pdfTeX in PDF mode is detected.
))
(C:\CTEX\MiKTeX\tex\latex\graphics\keyval.sty
Package: keyval 1999/03/16 v1.13 key=value parser (DPC)
\KV@toks@=\toks14
)
(C:\CTEX\MiKTeX\tex\latex\xcolor\xcolor.sty
Package: xcolor 2007/01/21 v2.11 LaTeX color extensions (UK)

(C:\CTEX\MiKTeX\tex\latex\00miktex\color.cfg
File: color.cfg 2007/01/18 v1.5 color configuration of teTeX/TeXLive
)
Package xcolor Info: Driver file: pdftex.def on input line 225.

(C:\CTEX\MiKTeX\tex\latex\pdftex-def\pdftex.def
File: pdftex.def 2011/05/27 v0.06d Graphics/color for pdfTeX
\Gread@gobject=\count90
)
Package xcolor Info: Model `cmy' substituted by `cmy0' on input line 1337.
Package xcolor Info: Model `hsb' substituted by `rgb' on input line 1341.
Package xcolor Info: Model `RGB' extended on input line 1353.
Package xcolor Info: Model `HTML' substituted by `rgb' on input line 1355.
Package xcolor Info: Model `Hsb' substituted by `hsb' on input line 1356.
Package xcolor Info: Model `tHsb' substituted by `hsb' on input line 1357.
Package xcolor Info: Model `HSB' substituted by `hsb' on input line 1358.
Package xcolor Info: Model `Gray' substituted by `gray' on input line 1359.
Package xcolor Info: Model `wave' substituted by `hsb' on input line 1360.
))
(C:\CTEX\MiKTeX\tex\latex\graphics\graphicx.sty
Package: graphicx 1999/02/16 v1.0f Enhanced LaTeX Graphics (DPC,SPQR)

(C:\CTEX\MiKTeX\tex\latex\graphics\graphics.sty
Package: graphics 2009/02/05 v1.0o Standard LaTeX Graphics (DPC,SPQR)

(C:\CTEX\MiKTeX\tex\latex\graphics\trig.sty
Package: trig 1999/03/16 v1.09 sin cos tan (DPC)
)
(C:\CTEX\MiKTeX\tex\latex\00miktex\graphics.cfg
File: graphics.cfg 2007/01/18 v1.5 graphics configuration of teTeX/TeXLive
)
Package graphics Info: Driver file: pdftex.def on input line 91.
)
\Gin@req@height=\dimen105
\Gin@req@width=\dimen106
)
(C:\CTEX\MiKTeX\tex\latex\pdfpages\pppdftex.def
File: pppdftex.def 2011/03/10 v0.4n Pdfpages driver for pdfTeX (AM)
)
\AM@pagebox=\box26
\AM@toc@title=\toks15
\c@AM@survey=\count91
\AM@templatesizebox=\box27
)
(D:\DissertationKiddee\thesis_final_color_printing.aux)
LaTeX Font Info:    Checking defaults for OML/cmm/m/it on input line 7.
LaTeX Font Info:    ... okay on input line 7.
LaTeX Font Info:    Checking defaults for T1/cmr/m/n on input line 7.
LaTeX Font Info:    ... okay on input line 7.
LaTeX Font Info:    Checking defaults for OT1/cmr/m/n on input line 7.
LaTeX Font Info:    ... okay on input line 7.
LaTeX Font Info:    Checking defaults for OMS/cmsy/m/n on input line 7.
LaTeX Font Info:    ... okay on input line 7.
LaTeX Font Info:    Checking defaults for OMX/cmex/m/n on input line 7.
LaTeX Font Info:    ... okay on input line 7.
LaTeX Font Info:    Checking defaults for U/cmr/m/n on input line 7.
LaTeX Font Info:    ... okay on input line 7.
\AtBeginShipoutBox=\box28

(C:\CTEX\MiKTeX\tex\context\base\supp-pdf.mkii
[Loading MPS to PDF converter (version 2006.09.02).]
\scratchcounter=\count92
\scratchdimen=\dimen107
\scratchbox=\box29
\nofMPsegments=\count93
\nofMParguments=\count94
\everyMPshowfont=\toks16
\MPscratchCnt=\count95
\MPscratchDim=\dimen108
\MPnumerator=\count96
\makeMPintoPDFobject=\count97
\everyMPtoPDFconversion=\toks17
) <thesis_final.pdf, id=28, page=16, 597.50829pt x 845.0471pt>
File: thesis_final.pdf Graphic file (type pdf)

<use thesis_final.pdf, page 16>
Package pdftex.def Info: thesis_final.pdf, page16 used on input line 8.
(pdftex.def)             Requested size: 597.50682pt x 845.04504pt.
File: thesis_final.pdf Graphic file (type pdf)
 <use thesis_final.pdf, page 16>
Package pdftex.def Info: thesis_final.pdf, page16 used on input line 8.
(pdftex.def)             Requested size: 597.53416pt x 845.08372pt.
File: thesis_final.pdf Graphic file (type pdf)

<use thesis_final.pdf, page 16>
Package pdftex.def Info: thesis_final.pdf, page16 used on input line 8.
(pdftex.def)             Requested size: 597.53416pt x 845.08372pt.
File: thesis_final.pdf Graphic file (type pdf)
 <use thesis_final.pdf, page 16>
Package pdftex.def Info: thesis_final.pdf, page16 used on input line 8.
(pdftex.def)             Requested size: 597.53416pt x 845.08372pt.
File: thesis_final.pdf Graphic file (type pdf)

<use thesis_final.pdf, page 16>
Package pdftex.def Info: thesis_final.pdf, page16 used on input line 8.
(pdftex.def)             Requested size: 597.53416pt x 845.08372pt.
 [1

 <D:/DissertationKiddee/thesis_final.pdf{C:/CTEX/UserData/pdftex/config/pdftex.
map{Unicode.sfd}{UGBK.sfd}}>]
<thesis_final.pdf, id=45, page=24, 597.50829pt x 845.0471pt>
File: thesis_final.pdf Graphic file (type pdf)

<use thesis_final.pdf, page 24>
Package pdftex.def Info: thesis_final.pdf, page24 used on input line 8.
(pdftex.def)             Requested size: 597.53416pt x 845.08372pt.
File: thesis_final.pdf Graphic file (type pdf)
 <use thesis_final.pdf, page 24>
Package pdftex.def Info: thesis_final.pdf, page24 used on input line 8.
(pdftex.def)             Requested size: 597.53416pt x 845.08372pt.
File: thesis_final.pdf Graphic file (type pdf)

<use thesis_final.pdf, page 24>
Package pdftex.def Info: thesis_final.pdf, page24 used on input line 8.
(pdftex.def)             Requested size: 597.53416pt x 845.08372pt.
 [2 <D:/DissertationKiddee/thesis_final.pdf>]
<thesis_final.pdf, id=71, page=27, 597.50829pt x 845.0471pt>
File: thesis_final.pdf Graphic file (type pdf)

<use thesis_final.pdf, page 27>
Package pdftex.def Info: thesis_final.pdf, page27 used on input line 8.
(pdftex.def)             Requested size: 597.53416pt x 845.08372pt.
File: thesis_final.pdf Graphic file (type pdf)
 <use thesis_final.pdf, page 27>
Package pdftex.def Info: thesis_final.pdf, page27 used on input line 8.
(pdftex.def)             Requested size: 597.53416pt x 845.08372pt.
File: thesis_final.pdf Graphic file (type pdf)

<use thesis_final.pdf, page 27>
Package pdftex.def Info: thesis_final.pdf, page27 used on input line 8.
(pdftex.def)             Requested size: 597.53416pt x 845.08372pt.
 [3 <D:/DissertationKiddee/thesis_final.pdf>]
<thesis_final.pdf, id=80, page=28, 597.50829pt x 845.0471pt>
File: thesis_final.pdf Graphic file (type pdf)

<use thesis_final.pdf, page 28>
Package pdftex.def Info: thesis_final.pdf, page28 used on input line 8.
(pdftex.def)             Requested size: 597.53416pt x 845.08372pt.
File: thesis_final.pdf Graphic file (type pdf)
 <use thesis_final.pdf, page 28>
Package pdftex.def Info: thesis_final.pdf, page28 used on input line 8.
(pdftex.def)             Requested size: 597.53416pt x 845.08372pt.
File: thesis_final.pdf Graphic file (type pdf)

<use thesis_final.pdf, page 28>
Package pdftex.def Info: thesis_final.pdf, page28 used on input line 8.
(pdftex.def)             Requested size: 597.53416pt x 845.08372pt.
 [4 <D:/DissertationKiddee/thesis_final.pdf>]
<thesis_final.pdf, id=88, page=29, 597.50829pt x 845.0471pt>
File: thesis_final.pdf Graphic file (type pdf)

<use thesis_final.pdf, page 29>
Package pdftex.def Info: thesis_final.pdf, page29 used on input line 8.
(pdftex.def)             Requested size: 597.53416pt x 845.08372pt.
File: thesis_final.pdf Graphic file (type pdf)
 <use thesis_final.pdf, page 29>
Package pdftex.def Info: thesis_final.pdf, page29 used on input line 8.
(pdftex.def)             Requested size: 597.53416pt x 845.08372pt.
File: thesis_final.pdf Graphic file (type pdf)

<use thesis_final.pdf, page 29>
Package pdftex.def Info: thesis_final.pdf, page29 used on input line 8.
(pdftex.def)             Requested size: 597.53416pt x 845.08372pt.
 [5 <D:/DissertationKiddee/thesis_final.pdf>]
<thesis_final.pdf, id=96, page=34, 597.50829pt x 845.0471pt>
File: thesis_final.pdf Graphic file (type pdf)

<use thesis_final.pdf, page 34>
Package pdftex.def Info: thesis_final.pdf, page34 used on input line 8.
(pdftex.def)             Requested size: 597.53416pt x 845.08372pt.
File: thesis_final.pdf Graphic file (type pdf)
 <use thesis_final.pdf, page 34>
Package pdftex.def Info: thesis_final.pdf, page34 used on input line 8.
(pdftex.def)             Requested size: 597.53416pt x 845.08372pt.
File: thesis_final.pdf Graphic file (type pdf)

<use thesis_final.pdf, page 34>
Package pdftex.def Info: thesis_final.pdf, page34 used on input line 8.
(pdftex.def)             Requested size: 597.53416pt x 845.08372pt.
 [6 <D:/DissertationKiddee/thesis_final.pdf>]
<thesis_final.pdf, id=102, page=38, 597.50829pt x 845.0471pt>
File: thesis_final.pdf Graphic file (type pdf)

<use thesis_final.pdf, page 38>
Package pdftex.def Info: thesis_final.pdf, page38 used on input line 8.
(pdftex.def)             Requested size: 597.53416pt x 845.08372pt.
File: thesis_final.pdf Graphic file (type pdf)
 <use thesis_final.pdf, page 38>
Package pdftex.def Info: thesis_final.pdf, page38 used on input line 8.
(pdftex.def)             Requested size: 597.53416pt x 845.08372pt.
File: thesis_final.pdf Graphic file (type pdf)

<use thesis_final.pdf, page 38>
Package pdftex.def Info: thesis_final.pdf, page38 used on input line 8.
(pdftex.def)             Requested size: 597.53416pt x 845.08372pt.
 [7 <D:/DissertationKiddee/thesis_final.pdf>]
<thesis_final.pdf, id=110, page=40, 597.50829pt x 845.0471pt>
File: thesis_final.pdf Graphic file (type pdf)

<use thesis_final.pdf, page 40>
Package pdftex.def Info: thesis_final.pdf, page40 used on input line 8.
(pdftex.def)             Requested size: 597.53416pt x 845.08372pt.
File: thesis_final.pdf Graphic file (type pdf)
 <use thesis_final.pdf, page 40>
Package pdftex.def Info: thesis_final.pdf, page40 used on input line 8.
(pdftex.def)             Requested size: 597.53416pt x 845.08372pt.
File: thesis_final.pdf Graphic file (type pdf)

<use thesis_final.pdf, page 40>
Package pdftex.def Info: thesis_final.pdf, page40 used on input line 8.
(pdftex.def)             Requested size: 597.53416pt x 845.08372pt.
 [8 <D:/DissertationKiddee/thesis_final.pdf>]
<thesis_final.pdf, id=136, page=45, 597.50829pt x 845.0471pt>
File: thesis_final.pdf Graphic file (type pdf)

<use thesis_final.pdf, page 45>
Package pdftex.def Info: thesis_final.pdf, page45 used on input line 8.
(pdftex.def)             Requested size: 597.53416pt x 845.08372pt.
File: thesis_final.pdf Graphic file (type pdf)
 <use thesis_final.pdf, page 45>
Package pdftex.def Info: thesis_final.pdf, page45 used on input line 8.
(pdftex.def)             Requested size: 597.53416pt x 845.08372pt.
File: thesis_final.pdf Graphic file (type pdf)

<use thesis_final.pdf, page 45>
Package pdftex.def Info: thesis_final.pdf, page45 used on input line 8.
(pdftex.def)             Requested size: 597.53416pt x 845.08372pt.
 [9 <D:/DissertationKiddee/thesis_final.pdf>]
<thesis_final.pdf, id=142, page=47, 597.50829pt x 845.0471pt>
File: thesis_final.pdf Graphic file (type pdf)

<use thesis_final.pdf, page 47>
Package pdftex.def Info: thesis_final.pdf, page47 used on input line 8.
(pdftex.def)             Requested size: 597.53416pt x 845.08372pt.
File: thesis_final.pdf Graphic file (type pdf)
 <use thesis_final.pdf, page 47>
Package pdftex.def Info: thesis_final.pdf, page47 used on input line 8.
(pdftex.def)             Requested size: 597.53416pt x 845.08372pt.
File: thesis_final.pdf Graphic file (type pdf)

<use thesis_final.pdf, page 47>
Package pdftex.def Info: thesis_final.pdf, page47 used on input line 8.
(pdftex.def)             Requested size: 597.53416pt x 845.08372pt.
 [10 <D:/DissertationKiddee/thesis_final.pdf>]
<thesis_final.pdf, id=148, page=48, 597.50829pt x 845.0471pt>
File: thesis_final.pdf Graphic file (type pdf)

<use thesis_final.pdf, page 48>
Package pdftex.def Info: thesis_final.pdf, page48 used on input line 8.
(pdftex.def)             Requested size: 597.53416pt x 845.08372pt.
File: thesis_final.pdf Graphic file (type pdf)
 <use thesis_final.pdf, page 48>
Package pdftex.def Info: thesis_final.pdf, page48 used on input line 8.
(pdftex.def)             Requested size: 597.53416pt x 845.08372pt.
File: thesis_final.pdf Graphic file (type pdf)

<use thesis_final.pdf, page 48>
Package pdftex.def Info: thesis_final.pdf, page48 used on input line 8.
(pdftex.def)             Requested size: 597.53416pt x 845.08372pt.
 [11 <D:/DissertationKiddee/thesis_final.pdf>]
<thesis_final.pdf, id=155, page=49, 597.50829pt x 845.0471pt>
File: thesis_final.pdf Graphic file (type pdf)

<use thesis_final.pdf, page 49>
Package pdftex.def Info: thesis_final.pdf, page49 used on input line 8.
(pdftex.def)             Requested size: 597.53416pt x 845.08372pt.
File: thesis_final.pdf Graphic file (type pdf)
 <use thesis_final.pdf, page 49>
Package pdftex.def Info: thesis_final.pdf, page49 used on input line 8.
(pdftex.def)             Requested size: 597.53416pt x 845.08372pt.
File: thesis_final.pdf Graphic file (type pdf)

<use thesis_final.pdf, page 49>
Package pdftex.def Info: thesis_final.pdf, page49 used on input line 8.
(pdftex.def)             Requested size: 597.53416pt x 845.08372pt.
 [12 <D:/DissertationKiddee/thesis_final.pdf>]
<thesis_final.pdf, id=166, page=52, 597.50829pt x 845.0471pt>
File: thesis_final.pdf Graphic file (type pdf)

<use thesis_final.pdf, page 52>
Package pdftex.def Info: thesis_final.pdf, page52 used on input line 8.
(pdftex.def)             Requested size: 597.53416pt x 845.08372pt.
File: thesis_final.pdf Graphic file (type pdf)
 <use thesis_final.pdf, page 52>
Package pdftex.def Info: thesis_final.pdf, page52 used on input line 8.
(pdftex.def)             Requested size: 597.53416pt x 845.08372pt.
File: thesis_final.pdf Graphic file (type pdf)

<use thesis_final.pdf, page 52>
Package pdftex.def Info: thesis_final.pdf, page52 used on input line 8.
(pdftex.def)             Requested size: 597.53416pt x 845.08372pt.
 [13 <D:/DissertationKiddee/thesis_final.pdf>]
<thesis_final.pdf, id=177, page=53, 597.50829pt x 845.0471pt>
File: thesis_final.pdf Graphic file (type pdf)

<use thesis_final.pdf, page 53>
Package pdftex.def Info: thesis_final.pdf, page53 used on input line 8.
(pdftex.def)             Requested size: 597.53416pt x 845.08372pt.
File: thesis_final.pdf Graphic file (type pdf)
 <use thesis_final.pdf, page 53>
Package pdftex.def Info: thesis_final.pdf, page53 used on input line 8.
(pdftex.def)             Requested size: 597.53416pt x 845.08372pt.
File: thesis_final.pdf Graphic file (type pdf)

<use thesis_final.pdf, page 53>
Package pdftex.def Info: thesis_final.pdf, page53 used on input line 8.
(pdftex.def)             Requested size: 597.53416pt x 845.08372pt.
 [14 <D:/DissertationKiddee/thesis_final.pdf>]
<thesis_final.pdf, id=190, page=54, 597.50829pt x 845.0471pt>
File: thesis_final.pdf Graphic file (type pdf)

<use thesis_final.pdf, page 54>
Package pdftex.def Info: thesis_final.pdf, page54 used on input line 8.
(pdftex.def)             Requested size: 597.53416pt x 845.08372pt.
File: thesis_final.pdf Graphic file (type pdf)
 <use thesis_final.pdf, page 54>
Package pdftex.def Info: thesis_final.pdf, page54 used on input line 8.
(pdftex.def)             Requested size: 597.53416pt x 845.08372pt.
File: thesis_final.pdf Graphic file (type pdf)

<use thesis_final.pdf, page 54>
Package pdftex.def Info: thesis_final.pdf, page54 used on input line 8.
(pdftex.def)             Requested size: 597.53416pt x 845.08372pt.
 [15 <D:/DissertationKiddee/thesis_final.pdf>]
<thesis_final.pdf, id=203, page=55, 597.50829pt x 845.0471pt>
File: thesis_final.pdf Graphic file (type pdf)

<use thesis_final.pdf, page 55>
Package pdftex.def Info: thesis_final.pdf, page55 used on input line 8.
(pdftex.def)             Requested size: 597.53416pt x 845.08372pt.
File: thesis_final.pdf Graphic file (type pdf)
 <use thesis_final.pdf, page 55>
Package pdftex.def Info: thesis_final.pdf, page55 used on input line 8.
(pdftex.def)             Requested size: 597.53416pt x 845.08372pt.
File: thesis_final.pdf Graphic file (type pdf)

<use thesis_final.pdf, page 55>
Package pdftex.def Info: thesis_final.pdf, page55 used on input line 8.
(pdftex.def)             Requested size: 597.53416pt x 845.08372pt.
 [16 <D:/DissertationKiddee/thesis_final.pdf>]
<thesis_final.pdf, id=216, page=59, 597.50829pt x 845.0471pt>
File: thesis_final.pdf Graphic file (type pdf)

<use thesis_final.pdf, page 59>
Package pdftex.def Info: thesis_final.pdf, page59 used on input line 8.
(pdftex.def)             Requested size: 597.53416pt x 845.08372pt.
File: thesis_final.pdf Graphic file (type pdf)
 <use thesis_final.pdf, page 59>
Package pdftex.def Info: thesis_final.pdf, page59 used on input line 8.
(pdftex.def)             Requested size: 597.53416pt x 845.08372pt.
File: thesis_final.pdf Graphic file (type pdf)

<use thesis_final.pdf, page 59>
Package pdftex.def Info: thesis_final.pdf, page59 used on input line 8.
(pdftex.def)             Requested size: 597.53416pt x 845.08372pt.
 [17 <D:/DissertationKiddee/thesis_final.pdf>]
<thesis_final.pdf, id=223, page=62, 597.50829pt x 845.0471pt>
File: thesis_final.pdf Graphic file (type pdf)

<use thesis_final.pdf, page 62>
Package pdftex.def Info: thesis_final.pdf, page62 used on input line 8.
(pdftex.def)             Requested size: 597.53416pt x 845.08372pt.
File: thesis_final.pdf Graphic file (type pdf)
 <use thesis_final.pdf, page 62>
Package pdftex.def Info: thesis_final.pdf, page62 used on input line 8.
(pdftex.def)             Requested size: 597.53416pt x 845.08372pt.
File: thesis_final.pdf Graphic file (type pdf)

<use thesis_final.pdf, page 62>
Package pdftex.def Info: thesis_final.pdf, page62 used on input line 8.
(pdftex.def)             Requested size: 597.53416pt x 845.08372pt.
 [18 <D:/DissertationKiddee/thesis_final.pdf>]
<thesis_final.pdf, id=230, page=65, 597.50829pt x 845.0471pt>
File: thesis_final.pdf Graphic file (type pdf)

<use thesis_final.pdf, page 65>
Package pdftex.def Info: thesis_final.pdf, page65 used on input line 8.
(pdftex.def)             Requested size: 597.53416pt x 845.08372pt.
File: thesis_final.pdf Graphic file (type pdf)
 <use thesis_final.pdf, page 65>
Package pdftex.def Info: thesis_final.pdf, page65 used on input line 8.
(pdftex.def)             Requested size: 597.53416pt x 845.08372pt.
File: thesis_final.pdf Graphic file (type pdf)

<use thesis_final.pdf, page 65>
Package pdftex.def Info: thesis_final.pdf, page65 used on input line 8.
(pdftex.def)             Requested size: 597.53416pt x 845.08372pt.
 [19 <D:/DissertationKiddee/thesis_final.pdf>]
<thesis_final.pdf, id=242, page=67, 597.50829pt x 845.0471pt>
File: thesis_final.pdf Graphic file (type pdf)

<use thesis_final.pdf, page 67>
Package pdftex.def Info: thesis_final.pdf, page67 used on input line 8.
(pdftex.def)             Requested size: 597.53416pt x 845.08372pt.
File: thesis_final.pdf Graphic file (type pdf)
 <use thesis_final.pdf, page 67>
Package pdftex.def Info: thesis_final.pdf, page67 used on input line 8.
(pdftex.def)             Requested size: 597.53416pt x 845.08372pt.
File: thesis_final.pdf Graphic file (type pdf)

<use thesis_final.pdf, page 67>
Package pdftex.def Info: thesis_final.pdf, page67 used on input line 8.
(pdftex.def)             Requested size: 597.53416pt x 845.08372pt.
 [20 <D:/DissertationKiddee/thesis_final.pdf>]
<thesis_final.pdf, id=252, page=70, 597.50829pt x 845.0471pt>
File: thesis_final.pdf Graphic file (type pdf)

<use thesis_final.pdf, page 70>
Package pdftex.def Info: thesis_final.pdf, page70 used on input line 8.
(pdftex.def)             Requested size: 597.53416pt x 845.08372pt.
File: thesis_final.pdf Graphic file (type pdf)
 <use thesis_final.pdf, page 70>
Package pdftex.def Info: thesis_final.pdf, page70 used on input line 8.
(pdftex.def)             Requested size: 597.53416pt x 845.08372pt.
File: thesis_final.pdf Graphic file (type pdf)

<use thesis_final.pdf, page 70>
Package pdftex.def Info: thesis_final.pdf, page70 used on input line 8.
(pdftex.def)             Requested size: 597.53416pt x 845.08372pt.
 [21 <D:/DissertationKiddee/thesis_final.pdf>]
<thesis_final.pdf, id=266, page=71, 597.50829pt x 845.0471pt>
File: thesis_final.pdf Graphic file (type pdf)

<use thesis_final.pdf, page 71>
Package pdftex.def Info: thesis_final.pdf, page71 used on input line 8.
(pdftex.def)             Requested size: 597.53416pt x 845.08372pt.
File: thesis_final.pdf Graphic file (type pdf)
 <use thesis_final.pdf, page 71>
Package pdftex.def Info: thesis_final.pdf, page71 used on input line 8.
(pdftex.def)             Requested size: 597.53416pt x 845.08372pt.
File: thesis_final.pdf Graphic file (type pdf)

<use thesis_final.pdf, page 71>
Package pdftex.def Info: thesis_final.pdf, page71 used on input line 8.
(pdftex.def)             Requested size: 597.53416pt x 845.08372pt.
 [22 <D:/DissertationKiddee/thesis_final.pdf>]
<thesis_final.pdf, id=272, page=73, 597.50829pt x 845.0471pt>
File: thesis_final.pdf Graphic file (type pdf)

<use thesis_final.pdf, page 73>
Package pdftex.def Info: thesis_final.pdf, page73 used on input line 8.
(pdftex.def)             Requested size: 597.53416pt x 845.08372pt.
File: thesis_final.pdf Graphic file (type pdf)
 <use thesis_final.pdf, page 73>
Package pdftex.def Info: thesis_final.pdf, page73 used on input line 8.
(pdftex.def)             Requested size: 597.53416pt x 845.08372pt.
File: thesis_final.pdf Graphic file (type pdf)

<use thesis_final.pdf, page 73>
Package pdftex.def Info: thesis_final.pdf, page73 used on input line 8.
(pdftex.def)             Requested size: 597.53416pt x 845.08372pt.
 [23 <D:/DissertationKiddee/thesis_final.pdf>]
<thesis_final.pdf, id=278, page=75, 597.50829pt x 845.0471pt>
File: thesis_final.pdf Graphic file (type pdf)

<use thesis_final.pdf, page 75>
Package pdftex.def Info: thesis_final.pdf, page75 used on input line 8.
(pdftex.def)             Requested size: 597.53416pt x 845.08372pt.
File: thesis_final.pdf Graphic file (type pdf)
 <use thesis_final.pdf, page 75>
Package pdftex.def Info: thesis_final.pdf, page75 used on input line 8.
(pdftex.def)             Requested size: 597.53416pt x 845.08372pt.
File: thesis_final.pdf Graphic file (type pdf)

<use thesis_final.pdf, page 75>
Package pdftex.def Info: thesis_final.pdf, page75 used on input line 8.
(pdftex.def)             Requested size: 597.53416pt x 845.08372pt.
 [24 <D:/DissertationKiddee/thesis_final.pdf>]
<thesis_final.pdf, id=284, page=76, 597.50829pt x 845.0471pt>
File: thesis_final.pdf Graphic file (type pdf)

<use thesis_final.pdf, page 76>
Package pdftex.def Info: thesis_final.pdf, page76 used on input line 8.
(pdftex.def)             Requested size: 597.53416pt x 845.08372pt.
File: thesis_final.pdf Graphic file (type pdf)
 <use thesis_final.pdf, page 76>
Package pdftex.def Info: thesis_final.pdf, page76 used on input line 8.
(pdftex.def)             Requested size: 597.53416pt x 845.08372pt.
File: thesis_final.pdf Graphic file (type pdf)

<use thesis_final.pdf, page 76>
Package pdftex.def Info: thesis_final.pdf, page76 used on input line 8.
(pdftex.def)             Requested size: 597.53416pt x 845.08372pt.
 [25 <D:/DissertationKiddee/thesis_final.pdf>]
<thesis_final.pdf, id=295, page=77, 597.50829pt x 845.0471pt>
File: thesis_final.pdf Graphic file (type pdf)

<use thesis_final.pdf, page 77>
Package pdftex.def Info: thesis_final.pdf, page77 used on input line 8.
(pdftex.def)             Requested size: 597.53416pt x 845.08372pt.
File: thesis_final.pdf Graphic file (type pdf)
 <use thesis_final.pdf, page 77>
Package pdftex.def Info: thesis_final.pdf, page77 used on input line 8.
(pdftex.def)             Requested size: 597.53416pt x 845.08372pt.
File: thesis_final.pdf Graphic file (type pdf)

<use thesis_final.pdf, page 77>
Package pdftex.def Info: thesis_final.pdf, page77 used on input line 8.
(pdftex.def)             Requested size: 597.53416pt x 845.08372pt.
 [26 <D:/DissertationKiddee/thesis_final.pdf>]
<thesis_final.pdf, id=301, page=79, 597.50829pt x 845.0471pt>
File: thesis_final.pdf Graphic file (type pdf)

<use thesis_final.pdf, page 79>
Package pdftex.def Info: thesis_final.pdf, page79 used on input line 8.
(pdftex.def)             Requested size: 597.53416pt x 845.08372pt.
File: thesis_final.pdf Graphic file (type pdf)
 <use thesis_final.pdf, page 79>
Package pdftex.def Info: thesis_final.pdf, page79 used on input line 8.
(pdftex.def)             Requested size: 597.53416pt x 845.08372pt.
File: thesis_final.pdf Graphic file (type pdf)

<use thesis_final.pdf, page 79>
Package pdftex.def Info: thesis_final.pdf, page79 used on input line 8.
(pdftex.def)             Requested size: 597.53416pt x 845.08372pt.
 [27 <D:/DissertationKiddee/thesis_final.pdf>]
<thesis_final.pdf, id=317, page=80, 597.50829pt x 845.0471pt>
File: thesis_final.pdf Graphic file (type pdf)

<use thesis_final.pdf, page 80>
Package pdftex.def Info: thesis_final.pdf, page80 used on input line 8.
(pdftex.def)             Requested size: 597.53416pt x 845.08372pt.
File: thesis_final.pdf Graphic file (type pdf)
 <use thesis_final.pdf, page 80>
Package pdftex.def Info: thesis_final.pdf, page80 used on input line 8.
(pdftex.def)             Requested size: 597.53416pt x 845.08372pt.
File: thesis_final.pdf Graphic file (type pdf)

<use thesis_final.pdf, page 80>
Package pdftex.def Info: thesis_final.pdf, page80 used on input line 8.
(pdftex.def)             Requested size: 597.53416pt x 845.08372pt.
 [28 <D:/DissertationKiddee/thesis_final.pdf>]
<thesis_final.pdf, id=325, page=81, 597.50829pt x 845.0471pt>
File: thesis_final.pdf Graphic file (type pdf)

<use thesis_final.pdf, page 81>
Package pdftex.def Info: thesis_final.pdf, page81 used on input line 8.
(pdftex.def)             Requested size: 597.53416pt x 845.08372pt.
File: thesis_final.pdf Graphic file (type pdf)
 <use thesis_final.pdf, page 81>
Package pdftex.def Info: thesis_final.pdf, page81 used on input line 8.
(pdftex.def)             Requested size: 597.53416pt x 845.08372pt.
File: thesis_final.pdf Graphic file (type pdf)

<use thesis_final.pdf, page 81>
Package pdftex.def Info: thesis_final.pdf, page81 used on input line 8.
(pdftex.def)             Requested size: 597.53416pt x 845.08372pt.
 [29 <D:/DissertationKiddee/thesis_final.pdf>]
<thesis_final.pdf, id=336, page=82, 597.50829pt x 845.0471pt>
File: thesis_final.pdf Graphic file (type pdf)

<use thesis_final.pdf, page 82>
Package pdftex.def Info: thesis_final.pdf, page82 used on input line 8.
(pdftex.def)             Requested size: 597.53416pt x 845.08372pt.
File: thesis_final.pdf Graphic file (type pdf)
 <use thesis_final.pdf, page 82>
Package pdftex.def Info: thesis_final.pdf, page82 used on input line 8.
(pdftex.def)             Requested size: 597.53416pt x 845.08372pt.
File: thesis_final.pdf Graphic file (type pdf)

<use thesis_final.pdf, page 82>
Package pdftex.def Info: thesis_final.pdf, page82 used on input line 8.
(pdftex.def)             Requested size: 597.53416pt x 845.08372pt.
 [30 <D:/DissertationKiddee/thesis_final.pdf>]
<thesis_final.pdf, id=343, page=85, 597.50829pt x 845.0471pt>
File: thesis_final.pdf Graphic file (type pdf)

<use thesis_final.pdf, page 85>
Package pdftex.def Info: thesis_final.pdf, page85 used on input line 8.
(pdftex.def)             Requested size: 597.53416pt x 845.08372pt.
File: thesis_final.pdf Graphic file (type pdf)
 <use thesis_final.pdf, page 85>
Package pdftex.def Info: thesis_final.pdf, page85 used on input line 8.
(pdftex.def)             Requested size: 597.53416pt x 845.08372pt.
File: thesis_final.pdf Graphic file (type pdf)

<use thesis_final.pdf, page 85>
Package pdftex.def Info: thesis_final.pdf, page85 used on input line 8.
(pdftex.def)             Requested size: 597.53416pt x 845.08372pt.
 [31 <D:/DissertationKiddee/thesis_final.pdf>]
<thesis_final.pdf, id=350, page=86, 597.50829pt x 845.0471pt>
File: thesis_final.pdf Graphic file (type pdf)

<use thesis_final.pdf, page 86>
Package pdftex.def Info: thesis_final.pdf, page86 used on input line 8.
(pdftex.def)             Requested size: 597.53416pt x 845.08372pt.
File: thesis_final.pdf Graphic file (type pdf)
 <use thesis_final.pdf, page 86>
Package pdftex.def Info: thesis_final.pdf, page86 used on input line 8.
(pdftex.def)             Requested size: 597.53416pt x 845.08372pt.
File: thesis_final.pdf Graphic file (type pdf)

<use thesis_final.pdf, page 86>
Package pdftex.def Info: thesis_final.pdf, page86 used on input line 8.
(pdftex.def)             Requested size: 597.53416pt x 845.08372pt.
 [32 <D:/DissertationKiddee/thesis_final.pdf>]
<thesis_final.pdf, id=357, page=87, 597.50829pt x 845.0471pt>
File: thesis_final.pdf Graphic file (type pdf)

<use thesis_final.pdf, page 87>
Package pdftex.def Info: thesis_final.pdf, page87 used on input line 8.
(pdftex.def)             Requested size: 597.53416pt x 845.08372pt.
File: thesis_final.pdf Graphic file (type pdf)
 <use thesis_final.pdf, page 87>
Package pdftex.def Info: thesis_final.pdf, page87 used on input line 8.
(pdftex.def)             Requested size: 597.53416pt x 845.08372pt.
File: thesis_final.pdf Graphic file (type pdf)

<use thesis_final.pdf, page 87>
Package pdftex.def Info: thesis_final.pdf, page87 used on input line 8.
(pdftex.def)             Requested size: 597.53416pt x 845.08372pt.
 [33 <D:/DissertationKiddee/thesis_final.pdf>]
<thesis_final.pdf, id=364, page=88, 597.50829pt x 845.0471pt>
File: thesis_final.pdf Graphic file (type pdf)

<use thesis_final.pdf, page 88>
Package pdftex.def Info: thesis_final.pdf, page88 used on input line 8.
(pdftex.def)             Requested size: 597.53416pt x 845.08372pt.
File: thesis_final.pdf Graphic file (type pdf)
 <use thesis_final.pdf, page 88>
Package pdftex.def Info: thesis_final.pdf, page88 used on input line 8.
(pdftex.def)             Requested size: 597.53416pt x 845.08372pt.
File: thesis_final.pdf Graphic file (type pdf)

<use thesis_final.pdf, page 88>
Package pdftex.def Info: thesis_final.pdf, page88 used on input line 8.
(pdftex.def)             Requested size: 597.53416pt x 845.08372pt.
 [34 <D:/DissertationKiddee/thesis_final.pdf>]
<thesis_final.pdf, id=379, page=89, 597.50829pt x 845.0471pt>
File: thesis_final.pdf Graphic file (type pdf)

<use thesis_final.pdf, page 89>
Package pdftex.def Info: thesis_final.pdf, page89 used on input line 8.
(pdftex.def)             Requested size: 597.53416pt x 845.08372pt.
File: thesis_final.pdf Graphic file (type pdf)
 <use thesis_final.pdf, page 89>
Package pdftex.def Info: thesis_final.pdf, page89 used on input line 8.
(pdftex.def)             Requested size: 597.53416pt x 845.08372pt.
File: thesis_final.pdf Graphic file (type pdf)

<use thesis_final.pdf, page 89>
Package pdftex.def Info: thesis_final.pdf, page89 used on input line 8.
(pdftex.def)             Requested size: 597.53416pt x 845.08372pt.
 [35 <D:/DissertationKiddee/thesis_final.pdf>]
<thesis_final.pdf, id=385, page=92, 597.50829pt x 845.0471pt>
File: thesis_final.pdf Graphic file (type pdf)

<use thesis_final.pdf, page 92>
Package pdftex.def Info: thesis_final.pdf, page92 used on input line 8.
(pdftex.def)             Requested size: 597.53416pt x 845.08372pt.
File: thesis_final.pdf Graphic file (type pdf)
 <use thesis_final.pdf, page 92>
Package pdftex.def Info: thesis_final.pdf, page92 used on input line 8.
(pdftex.def)             Requested size: 597.53416pt x 845.08372pt.
File: thesis_final.pdf Graphic file (type pdf)

<use thesis_final.pdf, page 92>
Package pdftex.def Info: thesis_final.pdf, page92 used on input line 8.
(pdftex.def)             Requested size: 597.53416pt x 845.08372pt.
 [36 <D:/DissertationKiddee/thesis_final.pdf>]
<thesis_final.pdf, id=391, page=93, 597.50829pt x 845.0471pt>
File: thesis_final.pdf Graphic file (type pdf)

<use thesis_final.pdf, page 93>
Package pdftex.def Info: thesis_final.pdf, page93 used on input line 8.
(pdftex.def)             Requested size: 597.53416pt x 845.08372pt.
File: thesis_final.pdf Graphic file (type pdf)
 <use thesis_final.pdf, page 93>
Package pdftex.def Info: thesis_final.pdf, page93 used on input line 8.
(pdftex.def)             Requested size: 597.53416pt x 845.08372pt.
File: thesis_final.pdf Graphic file (type pdf)

<use thesis_final.pdf, page 93>
Package pdftex.def Info: thesis_final.pdf, page93 used on input line 8.
(pdftex.def)             Requested size: 597.53416pt x 845.08372pt.
 [37 <D:/DissertationKiddee/thesis_final.pdf>]
<thesis_final.pdf, id=403, page=96, 597.50829pt x 845.0471pt>
File: thesis_final.pdf Graphic file (type pdf)

<use thesis_final.pdf, page 96>
Package pdftex.def Info: thesis_final.pdf, page96 used on input line 8.
(pdftex.def)             Requested size: 597.53416pt x 845.08372pt.
File: thesis_final.pdf Graphic file (type pdf)
 <use thesis_final.pdf, page 96>
Package pdftex.def Info: thesis_final.pdf, page96 used on input line 8.
(pdftex.def)             Requested size: 597.53416pt x 845.08372pt.
File: thesis_final.pdf Graphic file (type pdf)

<use thesis_final.pdf, page 96>
Package pdftex.def Info: thesis_final.pdf, page96 used on input line 8.
(pdftex.def)             Requested size: 597.53416pt x 845.08372pt.
 [38 <D:/DissertationKiddee/thesis_final.pdf>]
<thesis_final.pdf, id=411, page=98, 597.50829pt x 845.0471pt>
File: thesis_final.pdf Graphic file (type pdf)

<use thesis_final.pdf, page 98>
Package pdftex.def Info: thesis_final.pdf, page98 used on input line 8.
(pdftex.def)             Requested size: 597.53416pt x 845.08372pt.
File: thesis_final.pdf Graphic file (type pdf)
 <use thesis_final.pdf, page 98>
Package pdftex.def Info: thesis_final.pdf, page98 used on input line 8.
(pdftex.def)             Requested size: 597.53416pt x 845.08372pt.
File: thesis_final.pdf Graphic file (type pdf)

<use thesis_final.pdf, page 98>
Package pdftex.def Info: thesis_final.pdf, page98 used on input line 8.
(pdftex.def)             Requested size: 597.53416pt x 845.08372pt.
 [39 <D:/DissertationKiddee/thesis_final.pdf>]
<thesis_final.pdf, id=425, page=99, 597.50829pt x 845.0471pt>
File: thesis_final.pdf Graphic file (type pdf)

<use thesis_final.pdf, page 99>
Package pdftex.def Info: thesis_final.pdf, page99 used on input line 8.
(pdftex.def)             Requested size: 597.53416pt x 845.08372pt.
File: thesis_final.pdf Graphic file (type pdf)
 <use thesis_final.pdf, page 99>
Package pdftex.def Info: thesis_final.pdf, page99 used on input line 8.
(pdftex.def)             Requested size: 597.53416pt x 845.08372pt.
File: thesis_final.pdf Graphic file (type pdf)

<use thesis_final.pdf, page 99>
Package pdftex.def Info: thesis_final.pdf, page99 used on input line 8.
(pdftex.def)             Requested size: 597.53416pt x 845.08372pt.
 [40 <D:/DissertationKiddee/thesis_final.pdf>]
<thesis_final.pdf, id=434, page=100, 597.50829pt x 845.0471pt>
File: thesis_final.pdf Graphic file (type pdf)

<use thesis_final.pdf, page 100>
Package pdftex.def Info: thesis_final.pdf, page100 used on input line 8.
(pdftex.def)             Requested size: 597.53416pt x 845.08372pt.
File: thesis_final.pdf Graphic file (type pdf)
 <use thesis_final.pdf, page 100>
Package pdftex.def Info: thesis_final.pdf, page100 used on input line 8.
(pdftex.def)             Requested size: 597.53416pt x 845.08372pt.
File: thesis_final.pdf Graphic file (type pdf)

<use thesis_final.pdf, page 100>
Package pdftex.def Info: thesis_final.pdf, page100 used on input line 8.
(pdftex.def)             Requested size: 597.53416pt x 845.08372pt.
 [41 <D:/DissertationKiddee/thesis_final.pdf>]
<thesis_final.pdf, id=441, page=101, 597.50829pt x 845.0471pt>
File: thesis_final.pdf Graphic file (type pdf)

<use thesis_final.pdf, page 101>
Package pdftex.def Info: thesis_final.pdf, page101 used on input line 8.
(pdftex.def)             Requested size: 597.53416pt x 845.08372pt.
File: thesis_final.pdf Graphic file (type pdf)
 <use thesis_final.pdf, page 101>
Package pdftex.def Info: thesis_final.pdf, page101 used on input line 8.
(pdftex.def)             Requested size: 597.53416pt x 845.08372pt.
File: thesis_final.pdf Graphic file (type pdf)

<use thesis_final.pdf, page 101>
Package pdftex.def Info: thesis_final.pdf, page101 used on input line 8.
(pdftex.def)             Requested size: 597.53416pt x 845.08372pt.
 [42 <D:/DissertationKiddee/thesis_final.pdf>]
<thesis_final.pdf, id=448, page=102, 597.50829pt x 845.0471pt>
File: thesis_final.pdf Graphic file (type pdf)

<use thesis_final.pdf, page 102>
Package pdftex.def Info: thesis_final.pdf, page102 used on input line 8.
(pdftex.def)             Requested size: 597.53416pt x 845.08372pt.
File: thesis_final.pdf Graphic file (type pdf)
 <use thesis_final.pdf, page 102>
Package pdftex.def Info: thesis_final.pdf, page102 used on input line 8.
(pdftex.def)             Requested size: 597.53416pt x 845.08372pt.
File: thesis_final.pdf Graphic file (type pdf)

<use thesis_final.pdf, page 102>
Package pdftex.def Info: thesis_final.pdf, page102 used on input line 8.
(pdftex.def)             Requested size: 597.53416pt x 845.08372pt.
 [43 <D:/DissertationKiddee/thesis_final.pdf>]
<thesis_final.pdf, id=462, page=103, 597.50829pt x 845.0471pt>
File: thesis_final.pdf Graphic file (type pdf)

<use thesis_final.pdf, page 103>
Package pdftex.def Info: thesis_final.pdf, page103 used on input line 8.
(pdftex.def)             Requested size: 597.53416pt x 845.08372pt.
File: thesis_final.pdf Graphic file (type pdf)
 <use thesis_final.pdf, page 103>
Package pdftex.def Info: thesis_final.pdf, page103 used on input line 8.
(pdftex.def)             Requested size: 597.53416pt x 845.08372pt.
File: thesis_final.pdf Graphic file (type pdf)

<use thesis_final.pdf, page 103>
Package pdftex.def Info: thesis_final.pdf, page103 used on input line 8.
(pdftex.def)             Requested size: 597.53416pt x 845.08372pt.
 [44 <D:/DissertationKiddee/thesis_final.pdf>]
<thesis_final.pdf, id=475, page=107, 597.50829pt x 845.0471pt>
File: thesis_final.pdf Graphic file (type pdf)

<use thesis_final.pdf, page 107>
Package pdftex.def Info: thesis_final.pdf, page107 used on input line 8.
(pdftex.def)             Requested size: 597.53416pt x 845.08372pt.
File: thesis_final.pdf Graphic file (type pdf)
 <use thesis_final.pdf, page 107>
Package pdftex.def Info: thesis_final.pdf, page107 used on input line 8.
(pdftex.def)             Requested size: 597.53416pt x 845.08372pt.
File: thesis_final.pdf Graphic file (type pdf)

<use thesis_final.pdf, page 107>
Package pdftex.def Info: thesis_final.pdf, page107 used on input line 8.
(pdftex.def)             Requested size: 597.53416pt x 845.08372pt.
 [45 <D:/DissertationKiddee/thesis_final.pdf>]
<thesis_final.pdf, id=483, page=110, 597.50829pt x 845.0471pt>
File: thesis_final.pdf Graphic file (type pdf)

<use thesis_final.pdf, page 110>
Package pdftex.def Info: thesis_final.pdf, page110 used on input line 8.
(pdftex.def)             Requested size: 597.53416pt x 845.08372pt.
File: thesis_final.pdf Graphic file (type pdf)
 <use thesis_final.pdf, page 110>
Package pdftex.def Info: thesis_final.pdf, page110 used on input line 8.
(pdftex.def)             Requested size: 597.53416pt x 845.08372pt.
File: thesis_final.pdf Graphic file (type pdf)

<use thesis_final.pdf, page 110>
Package pdftex.def Info: thesis_final.pdf, page110 used on input line 8.
(pdftex.def)             Requested size: 597.53416pt x 845.08372pt.
 [46 <D:/DissertationKiddee/thesis_final.pdf>]
<thesis_final.pdf, id=494, page=112, 597.50829pt x 845.0471pt>
File: thesis_final.pdf Graphic file (type pdf)

<use thesis_final.pdf, page 112>
Package pdftex.def Info: thesis_final.pdf, page112 used on input line 8.
(pdftex.def)             Requested size: 597.53416pt x 845.08372pt.
File: thesis_final.pdf Graphic file (type pdf)
 <use thesis_final.pdf, page 112>
Package pdftex.def Info: thesis_final.pdf, page112 used on input line 8.
(pdftex.def)             Requested size: 597.53416pt x 845.08372pt.
File: thesis_final.pdf Graphic file (type pdf)

<use thesis_final.pdf, page 112>
Package pdftex.def Info: thesis_final.pdf, page112 used on input line 8.
(pdftex.def)             Requested size: 597.53416pt x 845.08372pt.
 [47 <D:/DissertationKiddee/thesis_final.pdf>]
<thesis_final.pdf, id=501, page=113, 597.50829pt x 845.0471pt>
File: thesis_final.pdf Graphic file (type pdf)

<use thesis_final.pdf, page 113>
Package pdftex.def Info: thesis_final.pdf, page113 used on input line 8.
(pdftex.def)             Requested size: 597.53416pt x 845.08372pt.
File: thesis_final.pdf Graphic file (type pdf)
 <use thesis_final.pdf, page 113>
Package pdftex.def Info: thesis_final.pdf, page113 used on input line 8.
(pdftex.def)             Requested size: 597.53416pt x 845.08372pt.
File: thesis_final.pdf Graphic file (type pdf)

<use thesis_final.pdf, page 113>
Package pdftex.def Info: thesis_final.pdf, page113 used on input line 8.
(pdftex.def)             Requested size: 597.53416pt x 845.08372pt.
 [48 <D:/DissertationKiddee/thesis_final.pdf>]
<thesis_final.pdf, id=508, page=115, 597.50829pt x 845.0471pt>
File: thesis_final.pdf Graphic file (type pdf)

<use thesis_final.pdf, page 115>
Package pdftex.def Info: thesis_final.pdf, page115 used on input line 8.
(pdftex.def)             Requested size: 597.53416pt x 845.08372pt.
File: thesis_final.pdf Graphic file (type pdf)
 <use thesis_final.pdf, page 115>
Package pdftex.def Info: thesis_final.pdf, page115 used on input line 8.
(pdftex.def)             Requested size: 597.53416pt x 845.08372pt.
File: thesis_final.pdf Graphic file (type pdf)

<use thesis_final.pdf, page 115>
Package pdftex.def Info: thesis_final.pdf, page115 used on input line 8.
(pdftex.def)             Requested size: 597.53416pt x 845.08372pt.
 [49 <D:/DissertationKiddee/thesis_final.pdf>]
<thesis_final.pdf, id=515, page=116, 597.50829pt x 845.0471pt>
File: thesis_final.pdf Graphic file (type pdf)

<use thesis_final.pdf, page 116>
Package pdftex.def Info: thesis_final.pdf, page116 used on input line 8.
(pdftex.def)             Requested size: 597.53416pt x 845.08372pt.
File: thesis_final.pdf Graphic file (type pdf)
 <use thesis_final.pdf, page 116>
Package pdftex.def Info: thesis_final.pdf, page116 used on input line 8.
(pdftex.def)             Requested size: 597.53416pt x 845.08372pt.
File: thesis_final.pdf Graphic file (type pdf)

<use thesis_final.pdf, page 116>
Package pdftex.def Info: thesis_final.pdf, page116 used on input line 8.
(pdftex.def)             Requested size: 597.53416pt x 845.08372pt.
 [50 <D:/DissertationKiddee/thesis_final.pdf>]
<thesis_final.pdf, id=523, page=117, 597.50829pt x 845.0471pt>
File: thesis_final.pdf Graphic file (type pdf)

<use thesis_final.pdf, page 117>
Package pdftex.def Info: thesis_final.pdf, page117 used on input line 8.
(pdftex.def)             Requested size: 597.53416pt x 845.08372pt.
File: thesis_final.pdf Graphic file (type pdf)
 <use thesis_final.pdf, page 117>
Package pdftex.def Info: thesis_final.pdf, page117 used on input line 8.
(pdftex.def)             Requested size: 597.53416pt x 845.08372pt.
File: thesis_final.pdf Graphic file (type pdf)

<use thesis_final.pdf, page 117>
Package pdftex.def Info: thesis_final.pdf, page117 used on input line 8.
(pdftex.def)             Requested size: 597.53416pt x 845.08372pt.
 [51 <D:/DissertationKiddee/thesis_final.pdf>]
<thesis_final.pdf, id=530, page=118, 597.50829pt x 845.0471pt>
File: thesis_final.pdf Graphic file (type pdf)

<use thesis_final.pdf, page 118>
Package pdftex.def Info: thesis_final.pdf, page118 used on input line 8.
(pdftex.def)             Requested size: 597.53416pt x 845.08372pt.
File: thesis_final.pdf Graphic file (type pdf)
 <use thesis_final.pdf, page 118>
Package pdftex.def Info: thesis_final.pdf, page118 used on input line 8.
(pdftex.def)             Requested size: 597.53416pt x 845.08372pt.
File: thesis_final.pdf Graphic file (type pdf)

<use thesis_final.pdf, page 118>
Package pdftex.def Info: thesis_final.pdf, page118 used on input line 8.
(pdftex.def)             Requested size: 597.53416pt x 845.08372pt.
 [52 <D:/DissertationKiddee/thesis_final.pdf>]
<thesis_final.pdf, id=543, page=119, 597.50829pt x 845.0471pt>
File: thesis_final.pdf Graphic file (type pdf)

<use thesis_final.pdf, page 119>
Package pdftex.def Info: thesis_final.pdf, page119 used on input line 8.
(pdftex.def)             Requested size: 597.53416pt x 845.08372pt.
File: thesis_final.pdf Graphic file (type pdf)
 <use thesis_final.pdf, page 119>
Package pdftex.def Info: thesis_final.pdf, page119 used on input line 8.
(pdftex.def)             Requested size: 597.53416pt x 845.08372pt.
File: thesis_final.pdf Graphic file (type pdf)

<use thesis_final.pdf, page 119>
Package pdftex.def Info: thesis_final.pdf, page119 used on input line 8.
(pdftex.def)             Requested size: 597.53416pt x 845.08372pt.
 [53 <D:/DissertationKiddee/thesis_final.pdf>]
<thesis_final.pdf, id=554, page=120, 597.50829pt x 845.0471pt>
File: thesis_final.pdf Graphic file (type pdf)

<use thesis_final.pdf, page 120>
Package pdftex.def Info: thesis_final.pdf, page120 used on input line 8.
(pdftex.def)             Requested size: 597.53416pt x 845.08372pt.
File: thesis_final.pdf Graphic file (type pdf)
 <use thesis_final.pdf, page 120>
Package pdftex.def Info: thesis_final.pdf, page120 used on input line 8.
(pdftex.def)             Requested size: 597.53416pt x 845.08372pt.
File: thesis_final.pdf Graphic file (type pdf)

<use thesis_final.pdf, page 120>
Package pdftex.def Info: thesis_final.pdf, page120 used on input line 8.
(pdftex.def)             Requested size: 597.53416pt x 845.08372pt.
 [54 <D:/DissertationKiddee/thesis_final.pdf>]
<thesis_final.pdf, id=565, page=123, 597.50829pt x 845.0471pt>
File: thesis_final.pdf Graphic file (type pdf)

<use thesis_final.pdf, page 123>
Package pdftex.def Info: thesis_final.pdf, page123 used on input line 8.
(pdftex.def)             Requested size: 597.53416pt x 845.08372pt.
File: thesis_final.pdf Graphic file (type pdf)
 <use thesis_final.pdf, page 123>
Package pdftex.def Info: thesis_final.pdf, page123 used on input line 8.
(pdftex.def)             Requested size: 597.53416pt x 845.08372pt.
File: thesis_final.pdf Graphic file (type pdf)

<use thesis_final.pdf, page 123>
Package pdftex.def Info: thesis_final.pdf, page123 used on input line 8.
(pdftex.def)             Requested size: 597.53416pt x 845.08372pt.
 [55 <D:/DissertationKiddee/thesis_final.pdf>]
<thesis_final.pdf, id=576, page=124, 597.50829pt x 845.0471pt>
File: thesis_final.pdf Graphic file (type pdf)

<use thesis_final.pdf, page 124>
Package pdftex.def Info: thesis_final.pdf, page124 used on input line 8.
(pdftex.def)             Requested size: 597.53416pt x 845.08372pt.
File: thesis_final.pdf Graphic file (type pdf)
 <use thesis_final.pdf, page 124>
Package pdftex.def Info: thesis_final.pdf, page124 used on input line 8.
(pdftex.def)             Requested size: 597.53416pt x 845.08372pt.
File: thesis_final.pdf Graphic file (type pdf)

<use thesis_final.pdf, page 124>
Package pdftex.def Info: thesis_final.pdf, page124 used on input line 8.
(pdftex.def)             Requested size: 597.53416pt x 845.08372pt.
 [56 <D:/DissertationKiddee/thesis_final.pdf>]
(D:\DissertationKiddee\thesis_final_color_printing.aux) ) 
Here is how much of TeX's memory you used:
 2503 strings out of 495354
 35826 string characters out of 3183859
 87356 words of memory out of 3000000
 5690 multiletter control sequences out of 15000+200000
 3640 words of font info for 14 fonts, out of 3000000 for 9000
 14 hyphenation exceptions out of 8191
 40i,18n,44p,267b,402s stack positions out of 5000i,500n,10000p,200000b,50000s
<C:/CTEX/MiKTeX/fonts/
type1/public/amsfonts/cm/cmbx12.pfb><C:/CTEX/MiKTeX/fonts/type1/public/amsfonts
/cm/cmbx8.pfb><C:/CTEX/MiKTeX/fonts/type1/public/amsfonts/cm/cmex10.pfb><C:/CTE
X/MiKTeX/fonts/type1/public/amsfonts/cm/cmmi12.pfb><C:/CTEX/MiKTeX/fonts/type1/
public/amsfonts/cm/cmmi6.pfb><C:/CTEX/MiKTeX/fonts/type1/public/amsfonts/cm/cmm
i8.pfb><C:/CTEX/MiKTeX/fonts/type1/public/amsfonts/cm/cmr10.pfb><C:/CTEX/MiKTeX
/fonts/type1/public/amsfonts/cm/cmr12.pfb><C:/CTEX/MiKTeX/fonts/type1/public/am
sfonts/cm/cmr6.pfb><C:/CTEX/MiKTeX/fonts/type1/public/amsfonts/cm/cmr8.pfb><C:/
CTEX/MiKTeX/fonts/type1/public/amsfonts/cm/cmr9.pfb><C:/CTEX/MiKTeX/fonts/type1
/public/amsfonts/cm/cmsy10.pfb><C:/CTEX/MiKTeX/fonts/type1/public/amsfonts/cm/c
msy6.pfb><C:/CTEX/MiKTeX/fonts/type1/public/amsfonts/cm/cmsy8.pfb><C:/CTEX/MiKT
eX/fonts/type1/public/amsfonts/symbols/msbm10.pfb>
Output written on thesis_final_color_printing.pdf (56 pages, 26598490 bytes).
PDF statistics:
 604 PDF objects out of 1000 (max. 8388607)
 0 named destinations out of 1000 (max. 500000)
 416 words of extra memory for PDF output out of 10000 (max. 10000000)

